<?xml version="1.0" encoding="UTF-8"?>
<testsuite name="praFApp.AppTest" tests="1" skipped="0" failures="0" errors="0" timestamp="2023-05-20T00:02:45" hostname="DESKTOP-R3VRNKM" time="0.013">
  <properties/>
  <testcase name="appHasAGreeting()" classname="praFApp.AppTest" time="0.013"/>
  <system-out><![CDATA[]]></system-out>
  <system-err><![CDATA[]]></system-err>
</testsuite>
